2022-07-06 11:07:38,683:numexpr.utils:INFO: Note: NumExpr detected 16 cores but "NUMEXPR_MAX_THREADS" not set, so enforcing safe limit of 8.
2022-07-06 11:07:38,683:numexpr.utils:INFO: NumExpr defaulting to 8 threads.
2022-07-06 11:07:41,231:bondnet.core.reaction_collection:INFO: Start creating struct label feature files for rxn ntwk regression
2022-07-06 11:07:41,242:bondnet.core.reaction_collection:INFO: Finish creating struct label feature files for rxn ntwk regression
2022-07-06 11:07:41,443:bondnet.data.dataset:INFO: Start loading dataset
2022-07-06 11:07:41,443:bondnet.data.dataset:INFO: Load dataset state dict from: /Users/adityabehal/Documents/RPI/RCOS/IBM-quantum-computing/bondnet/bondnet/prediction/pretrained/pubchem/20200810/dataset_state_dict.pkl
2022-07-06 11:07:41,660:bondnet.data.dataset:INFO: Feature name: {'atom': ['acceptor', 'donor', 'total degree', 'total valence', 'num radical electrons', 'is aromatic', 'is in ring', 'num total H', 'chemical symbol', 'chemical symbol', 'chemical symbol', 'chemical symbol', 'hybridization', 'hybridization', 'hybridization', 'hybridization', 'ring size', 'ring size', 'ring size', 'ring size', 'ring size'], 'bond': ['in_ring', 'conjugated', 'ring size', 'ring size', 'ring size', 'ring size', 'ring size', 'single', 'double', 'triple', 'aromatic'], 'global': ['num atoms', 'num bonds', 'molecule weight']}
2022-07-06 11:07:41,660:bondnet.data.dataset:INFO: Feature size: {'atom': 21, 'bond': 11, 'global': 3}
2022-07-06 11:07:41,663:bondnet.data.dataset:INFO: Feature scaler mean: {'atom': tensor([0.0669, 0.0461, 1.9666, 2.1380, 0.0424, 0.0623, 0.1719, 0.5466, 0.3360,
        0.5464, 0.0545, 0.0632, 0.5464, 0.0107, 0.1838, 0.2591, 0.0097, 0.0088,
        0.0677, 0.0812, 0.0066]), 'bond': tensor([0.1785, 0.1454, 0.0099, 0.0090, 0.0693, 0.0830, 0.0068, 0.8817, 0.0492,
        0.0052, 0.0640]), 'global': tensor([ 19.5657,  19.2360, 124.4391])}
2022-07-06 11:07:41,663:bondnet.data.dataset:INFO: Feature scaler std: {'atom': tensor([0.2498, 0.2097, 1.2257, 1.3491, 0.2015, 0.2418, 0.3773, 0.9267, 0.4723,
        0.4978, 0.2270, 0.2432, 0.4978, 0.1031, 0.3873, 0.4381, 0.0981, 0.0932,
        0.2512, 0.2731, 0.0813]), 'bond': tensor([0.3829, 0.3525, 0.0992, 0.0943, 0.2540, 0.2759, 0.0822, 0.3229, 0.2162,
        0.0716, 0.2447]), 'global': tensor([ 4.0354,  3.9894, 15.9644])}
2022-07-06 11:07:41,664:bondnet.data.dataset:INFO: Label scaler mean: 94.81969451904297
2022-07-06 11:07:41,664:bondnet.data.dataset:INFO: Label scaler std: 12.518111228942871
2022-07-06 11:07:41,664:bondnet.data.dataset:INFO: Finish loading 8 reactions...
2022-07-06 11:08:08,470:numexpr.utils:INFO: Note: NumExpr detected 16 cores but "NUMEXPR_MAX_THREADS" not set, so enforcing safe limit of 8.
2022-07-06 11:08:08,471:numexpr.utils:INFO: NumExpr defaulting to 8 threads.
2022-07-06 11:08:10,947:bondnet.core.reaction_collection:INFO: Start creating struct label feature files for rxn ntwk regression
2022-07-06 11:08:10,968:bondnet.core.reaction_collection:INFO: Finish creating struct label feature files for rxn ntwk regression
2022-07-06 11:08:11,112:bondnet.data.dataset:INFO: Start loading dataset
2022-07-06 11:08:11,112:bondnet.data.dataset:INFO: Load dataset state dict from: /Users/adityabehal/Documents/RPI/RCOS/IBM-quantum-computing/bondnet/bondnet/prediction/pretrained/pubchem/20200810/dataset_state_dict.pkl
2022-07-06 11:08:11,173:bondnet.data.dataset:INFO: Feature name: {'atom': ['acceptor', 'donor', 'total degree', 'total valence', 'num radical electrons', 'is aromatic', 'is in ring', 'num total H', 'chemical symbol', 'chemical symbol', 'chemical symbol', 'chemical symbol', 'hybridization', 'hybridization', 'hybridization', 'hybridization', 'ring size', 'ring size', 'ring size', 'ring size', 'ring size'], 'bond': ['in_ring', 'conjugated', 'ring size', 'ring size', 'ring size', 'ring size', 'ring size', 'single', 'double', 'triple', 'aromatic'], 'global': ['num atoms', 'num bonds', 'molecule weight']}
2022-07-06 11:08:11,173:bondnet.data.dataset:INFO: Feature size: {'atom': 21, 'bond': 11, 'global': 3}
2022-07-06 11:08:11,175:bondnet.data.dataset:INFO: Feature scaler mean: {'atom': tensor([0.0669, 0.0461, 1.9666, 2.1380, 0.0424, 0.0623, 0.1719, 0.5466, 0.3360,
        0.5464, 0.0545, 0.0632, 0.5464, 0.0107, 0.1838, 0.2591, 0.0097, 0.0088,
        0.0677, 0.0812, 0.0066]), 'bond': tensor([0.1785, 0.1454, 0.0099, 0.0090, 0.0693, 0.0830, 0.0068, 0.8817, 0.0492,
        0.0052, 0.0640]), 'global': tensor([ 19.5657,  19.2360, 124.4391])}
2022-07-06 11:08:11,175:bondnet.data.dataset:INFO: Feature scaler std: {'atom': tensor([0.2498, 0.2097, 1.2257, 1.3491, 0.2015, 0.2418, 0.3773, 0.9267, 0.4723,
        0.4978, 0.2270, 0.2432, 0.4978, 0.1031, 0.3873, 0.4381, 0.0981, 0.0932,
        0.2512, 0.2731, 0.0813]), 'bond': tensor([0.3829, 0.3525, 0.0992, 0.0943, 0.2540, 0.2759, 0.0822, 0.3229, 0.2162,
        0.0716, 0.2447]), 'global': tensor([ 4.0354,  3.9894, 15.9644])}
2022-07-06 11:08:11,175:bondnet.data.dataset:INFO: Label scaler mean: 94.81969451904297
2022-07-06 11:08:11,175:bondnet.data.dataset:INFO: Label scaler std: 12.518111228942871
2022-07-06 11:08:11,176:bondnet.data.dataset:INFO: Finish loading 2 reactions...
2022-07-06 11:08:15,317:numexpr.utils:INFO: Note: NumExpr detected 16 cores but "NUMEXPR_MAX_THREADS" not set, so enforcing safe limit of 8.
2022-07-06 11:08:15,317:numexpr.utils:INFO: NumExpr defaulting to 8 threads.
2022-07-06 11:08:17,956:bondnet.core.reaction_collection:INFO: Start creating struct label feature files for rxn ntwk regression
2022-07-06 11:08:17,965:bondnet.core.reaction_collection:INFO: Finish creating struct label feature files for rxn ntwk regression
2022-07-06 11:08:18,107:bondnet.data.dataset:INFO: Start loading dataset
2022-07-06 11:08:18,107:bondnet.data.dataset:INFO: Load dataset state dict from: /Users/adityabehal/Documents/RPI/RCOS/IBM-quantum-computing/bondnet/bondnet/prediction/pretrained/pubchem/20200810/dataset_state_dict.pkl
2022-07-06 11:08:18,163:bondnet.data.dataset:INFO: Feature name: {'atom': ['acceptor', 'donor', 'total degree', 'total valence', 'num radical electrons', 'is aromatic', 'is in ring', 'num total H', 'chemical symbol', 'chemical symbol', 'chemical symbol', 'chemical symbol', 'hybridization', 'hybridization', 'hybridization', 'hybridization', 'ring size', 'ring size', 'ring size', 'ring size', 'ring size'], 'bond': ['in_ring', 'conjugated', 'ring size', 'ring size', 'ring size', 'ring size', 'ring size', 'single', 'double', 'triple', 'aromatic'], 'global': ['num atoms', 'num bonds', 'molecule weight']}
2022-07-06 11:08:18,163:bondnet.data.dataset:INFO: Feature size: {'atom': 21, 'bond': 11, 'global': 3}
2022-07-06 11:08:18,165:bondnet.data.dataset:INFO: Feature scaler mean: {'atom': tensor([0.0669, 0.0461, 1.9666, 2.1380, 0.0424, 0.0623, 0.1719, 0.5466, 0.3360,
        0.5464, 0.0545, 0.0632, 0.5464, 0.0107, 0.1838, 0.2591, 0.0097, 0.0088,
        0.0677, 0.0812, 0.0066]), 'bond': tensor([0.1785, 0.1454, 0.0099, 0.0090, 0.0693, 0.0830, 0.0068, 0.8817, 0.0492,
        0.0052, 0.0640]), 'global': tensor([ 19.5657,  19.2360, 124.4391])}
2022-07-06 11:08:18,166:bondnet.data.dataset:INFO: Feature scaler std: {'atom': tensor([0.2498, 0.2097, 1.2257, 1.3491, 0.2015, 0.2418, 0.3773, 0.9267, 0.4723,
        0.4978, 0.2270, 0.2432, 0.4978, 0.1031, 0.3873, 0.4381, 0.0981, 0.0932,
        0.2512, 0.2731, 0.0813]), 'bond': tensor([0.3829, 0.3525, 0.0992, 0.0943, 0.2540, 0.2759, 0.0822, 0.3229, 0.2162,
        0.0716, 0.2447]), 'global': tensor([ 4.0354,  3.9894, 15.9644])}
2022-07-06 11:08:18,166:bondnet.data.dataset:INFO: Label scaler mean: 94.81969451904297
2022-07-06 11:08:18,166:bondnet.data.dataset:INFO: Label scaler std: 12.518111228942871
2022-07-06 11:08:18,166:bondnet.data.dataset:INFO: Finish loading 2 reactions...
