2022-07-05 23:53:33,858:numexpr.utils:INFO: Note: NumExpr detected 16 cores but "NUMEXPR_MAX_THREADS" not set, so enforcing safe limit of 8.
2022-07-05 23:53:33,858:numexpr.utils:INFO: NumExpr defaulting to 8 threads.
2022-07-05 23:55:19,537:numexpr.utils:INFO: Note: NumExpr detected 16 cores but "NUMEXPR_MAX_THREADS" not set, so enforcing safe limit of 8.
2022-07-05 23:55:19,537:numexpr.utils:INFO: NumExpr defaulting to 8 threads.
2023-01-11 10:35:57,601:bondnet.core.reaction_collection:INFO: Start creating struct label feature files for rxn ntwk regression
2023-01-11 10:36:01,998:bondnet.core.reaction_collection:INFO: Finish creating struct label feature files for rxn ntwk regression
2023-01-11 10:36:02,020:bondnet.data.dataset:INFO: Start loading dataset
2023-01-11 10:36:08,489:bondnet.data.dataset:INFO: Feature name: {'atom': ['acceptor', 'donor', 'total degree', 'total valence', 'num radical electrons', 'is aromatic', 'is in ring', 'num total H', 'chemical symbol', 'chemical symbol', 'chemical symbol', 'chemical symbol', 'chemical symbol', 'hybridization', 'hybridization', 'hybridization', 'hybridization', 'ring size', 'ring size', 'ring size', 'ring size', 'ring size'], 'bond': ['in_ring', 'conjugated', 'ring size', 'ring size', 'ring size', 'ring size', 'ring size', 'single', 'double', 'triple', 'aromatic'], 'global': ['num atoms', 'num bonds', 'molecule weight']}
2023-01-11 10:36:08,489:bondnet.data.dataset:INFO: Feature size: {'atom': 22, 'bond': 11, 'global': 3}
2023-01-11 10:36:08,509:bondnet.data.transformers:WARNING: Standard deviation for feature 5 is 0.0, smaller than 0.001. You may want to exclude this feature.
2023-01-11 10:36:08,514:bondnet.data.transformers:WARNING: Standard deviation for feature 10 is 0.0, smaller than 0.001. You may want to exclude this feature.
2023-01-11 10:36:08,562:bondnet.data.dataset:INFO: Feature scaler mean: {'atom': tensor([0.1916, 0.0325, 1.8613, 1.9949, 0.2494, 0.0000, 0.1418, 0.3408, 0.3290,
        0.0267, 0.3411, 0.0668, 0.2364, 0.3722, 0.0633, 0.2397, 0.2643, 0.0125,
        0.1039, 0.0186, 0.0056, 0.0032]), 'bond': tensor([0.1541, 0.1963, 0.0134, 0.1123, 0.0199, 0.0060, 0.0035, 0.7726, 0.1016,
        0.0124, 0.0000]), 'global': tensor([ 9.4934,  8.8326, 85.9033])}
2023-01-11 10:36:08,564:bondnet.data.dataset:INFO: Feature scaler std: {'atom': tensor([0.3936, 0.1773, 0.9931, 1.1753, 0.5456, 0.0000, 0.3488, 0.6813, 0.4699,
        0.1612, 0.4741, 0.2497, 0.4249, 0.4834, 0.2436, 0.4269, 0.4409, 0.1112,
        0.3052, 0.1350, 0.0744, 0.0569]), 'bond': tensor([0.3610, 0.3972, 0.1151, 0.3158, 0.1396, 0.0770, 0.0589, 0.4191, 0.3022,
        0.1108, 0.0000]), 'global': tensor([ 4.8953,  5.1436, 43.7620])}
2023-01-11 10:36:08,574:bondnet.data.dataset:INFO: Label scaler mean: 3.4607715606689453
2023-01-11 10:36:08,574:bondnet.data.dataset:INFO: Label scaler std: 3.5021345615386963
2023-01-11 10:36:08,574:bondnet.data.dataset:INFO: Finish loading 200 reactions...
2023-01-11 10:36:11,015:bondnet.utils:INFO: epoch: 0, score 1.9847882308065892
2023-01-11 10:36:12,828:bondnet.utils:INFO: epoch: 1, score 1.9596333831548691
2023-01-11 10:36:14,750:bondnet.utils:INFO: epoch: 2, score 1.9133771814405918
2023-01-11 10:36:16,885:bondnet.utils:INFO: epoch: 3, score 1.8546834245324135
2023-01-11 10:36:18,623:bondnet.utils:INFO: epoch: 4, score 1.81556855738163
2023-01-11 10:36:20,272:bondnet.utils:INFO: epoch: 5, score 1.7891845464706422
2023-01-11 10:36:21,705:bondnet.utils:INFO: epoch: 6, score 1.7705265700817108
2023-01-11 10:36:23,223:bondnet.utils:INFO: epoch: 7, score 1.7575982481241226
2023-01-11 10:36:24,650:bondnet.utils:INFO: epoch: 8, score 1.745724868774414
2023-01-11 10:36:27,026:bondnet.utils:INFO: epoch: 9, score 1.745261561870575
2023-01-11 10:36:34,470:bondnet.utils:INFO: epoch: 14, score 1.7100838541984558
2023-01-11 10:36:35,866:bondnet.utils:INFO: epoch: 15, score 1.7007839143276215
