2022-07-06 00:02:04,168:numexpr.utils:INFO: Note: NumExpr detected 16 cores but "NUMEXPR_MAX_THREADS" not set, so enforcing safe limit of 8.
2022-07-06 00:02:04,168:numexpr.utils:INFO: NumExpr defaulting to 8 threads.
2022-07-06 10:32:58,512:numexpr.utils:INFO: Note: NumExpr detected 16 cores but "NUMEXPR_MAX_THREADS" not set, so enforcing safe limit of 8.
2022-07-06 10:32:58,512:numexpr.utils:INFO: NumExpr defaulting to 8 threads.
2022-07-06 10:33:02,582:bondnet.core.reaction_collection:INFO: Start creating struct label feature files for rxn ntwk regression
2022-07-06 10:33:06,428:bondnet.core.reaction_collection:INFO: Finish creating struct label feature files for rxn ntwk regression
2022-07-06 10:33:06,456:bondnet.data.dataset:INFO: Start loading dataset
2022-07-06 10:33:11,652:bondnet.data.dataset:INFO: Feature name: {'atom': ['acceptor', 'donor', 'total degree', 'total valence', 'num radical electrons', 'is aromatic', 'is in ring', 'num total H', 'chemical symbol', 'chemical symbol', 'chemical symbol', 'chemical symbol', 'chemical symbol', 'hybridization', 'hybridization', 'hybridization', 'hybridization', 'ring size', 'ring size', 'ring size', 'ring size', 'ring size'], 'bond': ['in_ring', 'conjugated', 'ring size', 'ring size', 'ring size', 'ring size', 'ring size', 'single', 'double', 'triple', 'aromatic'], 'global': ['num atoms', 'num bonds', 'molecule weight']}
2022-07-06 10:33:11,652:bondnet.data.dataset:INFO: Feature size: {'atom': 22, 'bond': 11, 'global': 3}
2022-07-06 10:33:11,667:bondnet.data.transformers:WARNING: Standard deviation for feature 5 is 0.0, smaller than 0.001. You may want to exclude this feature.
2022-07-06 10:33:11,670:bondnet.data.transformers:WARNING: Standard deviation for feature 10 is 0.0, smaller than 0.001. You may want to exclude this feature.
2022-07-06 10:33:11,727:bondnet.data.dataset:INFO: Feature scaler mean: {'atom': tensor([0.1916, 0.0325, 1.8613, 1.9949, 0.2494, 0.0000, 0.1418, 0.3408, 0.3290,
        0.0267, 0.3411, 0.0668, 0.2364, 0.3722, 0.0633, 0.2397, 0.2643, 0.0125,
        0.1039, 0.0186, 0.0056, 0.0032]), 'bond': tensor([0.1541, 0.1963, 0.0134, 0.1123, 0.0199, 0.0060, 0.0035, 0.7726, 0.1016,
        0.0124, 0.0000]), 'global': tensor([ 9.4934,  8.8326, 85.9033])}
2022-07-06 10:33:11,728:bondnet.data.dataset:INFO: Feature scaler std: {'atom': tensor([0.3936, 0.1773, 0.9931, 1.1753, 0.5456, 0.0000, 0.3488, 0.6813, 0.4699,
        0.1612, 0.4741, 0.2497, 0.4249, 0.4834, 0.2436, 0.4269, 0.4409, 0.1112,
        0.3052, 0.1350, 0.0744, 0.0569]), 'bond': tensor([0.3610, 0.3972, 0.1151, 0.3158, 0.1396, 0.0770, 0.0589, 0.4191, 0.3022,
        0.1108, 0.0000]), 'global': tensor([ 4.8953,  5.1436, 43.7620])}
2022-07-06 10:33:11,738:bondnet.data.dataset:INFO: Label scaler mean: 3.4607717990875244
2022-07-06 10:33:11,738:bondnet.data.dataset:INFO: Label scaler std: 3.5021345615386963
2022-07-06 10:33:11,738:bondnet.data.dataset:INFO: Finish loading 200 reactions...
2022-07-06 10:33:14,330:bondnet.utils:INFO: epoch: 0, score 1.9882018849253655
2022-07-06 10:33:16,766:bondnet.utils:INFO: epoch: 1, score 1.9535804823040963
2022-07-06 10:33:19,231:bondnet.utils:INFO: epoch: 2, score 1.915007221698761
2022-07-06 10:33:21,776:bondnet.utils:INFO: epoch: 3, score 1.880363305658102
2022-07-06 10:33:24,128:bondnet.utils:INFO: epoch: 4, score 1.8436224356293678
2022-07-06 10:33:26,453:bondnet.utils:INFO: epoch: 5, score 1.8068635612726212
2022-07-06 10:33:28,886:bondnet.utils:INFO: epoch: 6, score 1.781317475438118
2022-07-06 10:33:31,549:bondnet.utils:INFO: epoch: 7, score 1.750927847623825
2022-07-06 10:33:33,898:bondnet.utils:INFO: epoch: 8, score 1.7328777074813844
2022-07-06 10:33:36,242:bondnet.utils:INFO: epoch: 9, score 1.7114027738571167
2022-07-06 10:33:41,252:bondnet.utils:INFO: epoch: 11, score 1.7067934453487397
2022-07-06 10:33:48,755:bondnet.utils:INFO: epoch: 14, score 1.6944266855716705
2022-07-06 10:33:51,158:bondnet.utils:INFO: epoch: 15, score 1.6798380076885224
2022-07-06 11:06:21,005:numexpr.utils:INFO: Note: NumExpr detected 16 cores but "NUMEXPR_MAX_THREADS" not set, so enforcing safe limit of 8.
2022-07-06 11:06:21,005:numexpr.utils:INFO: NumExpr defaulting to 8 threads.
2022-07-06 11:06:24,373:bondnet.core.reaction_collection:INFO: Start creating struct label feature files for rxn ntwk regression
2022-07-06 11:06:24,377:bondnet.core.reaction_collection:INFO: Finish creating struct label feature files for rxn ntwk regression
2022-07-06 11:06:24,568:bondnet.data.dataset:INFO: Start loading dataset
2022-07-06 11:06:24,568:bondnet.data.dataset:INFO: Load dataset state dict from: /Users/adityabehal/Documents/RPI/RCOS/IBM-quantum-computing/bondnet/bondnet/prediction/pretrained/pubchem/20200810/dataset_state_dict.pkl
2022-07-06 11:06:24,630:bondnet.data.dataset:INFO: Feature name: {'atom': ['acceptor', 'donor', 'total degree', 'total valence', 'num radical electrons', 'is aromatic', 'is in ring', 'num total H', 'chemical symbol', 'chemical symbol', 'chemical symbol', 'chemical symbol', 'hybridization', 'hybridization', 'hybridization', 'hybridization', 'ring size', 'ring size', 'ring size', 'ring size', 'ring size'], 'bond': ['in_ring', 'conjugated', 'ring size', 'ring size', 'ring size', 'ring size', 'ring size', 'single', 'double', 'triple', 'aromatic'], 'global': ['num atoms', 'num bonds', 'molecule weight']}
2022-07-06 11:06:24,630:bondnet.data.dataset:INFO: Feature size: {'atom': 21, 'bond': 11, 'global': 3}
2022-07-06 11:06:24,632:bondnet.data.dataset:INFO: Feature scaler mean: {'atom': tensor([0.0669, 0.0461, 1.9666, 2.1380, 0.0424, 0.0623, 0.1719, 0.5466, 0.3360,
        0.5464, 0.0545, 0.0632, 0.5464, 0.0107, 0.1838, 0.2591, 0.0097, 0.0088,
        0.0677, 0.0812, 0.0066]), 'bond': tensor([0.1785, 0.1454, 0.0099, 0.0090, 0.0693, 0.0830, 0.0068, 0.8817, 0.0492,
        0.0052, 0.0640]), 'global': tensor([ 19.5657,  19.2360, 124.4391])}
2022-07-06 11:06:24,633:bondnet.data.dataset:INFO: Feature scaler std: {'atom': tensor([0.2498, 0.2097, 1.2257, 1.3491, 0.2015, 0.2418, 0.3773, 0.9267, 0.4723,
        0.4978, 0.2270, 0.2432, 0.4978, 0.1031, 0.3873, 0.4381, 0.0981, 0.0932,
        0.2512, 0.2731, 0.0813]), 'bond': tensor([0.3829, 0.3525, 0.0992, 0.0943, 0.2540, 0.2759, 0.0822, 0.3229, 0.2162,
        0.0716, 0.2447]), 'global': tensor([ 4.0354,  3.9894, 15.9644])}
2022-07-06 11:06:24,633:bondnet.data.dataset:INFO: Label scaler mean: 94.81969451904297
2022-07-06 11:06:24,633:bondnet.data.dataset:INFO: Label scaler std: 12.518111228942871
2022-07-06 11:06:24,633:bondnet.data.dataset:INFO: Finish loading 2 reactions...
2022-07-06 11:06:47,768:numexpr.utils:INFO: Note: NumExpr detected 16 cores but "NUMEXPR_MAX_THREADS" not set, so enforcing safe limit of 8.
2022-07-06 11:06:47,768:numexpr.utils:INFO: NumExpr defaulting to 8 threads.
2022-07-06 11:07:16,417:numexpr.utils:INFO: Note: NumExpr detected 16 cores but "NUMEXPR_MAX_THREADS" not set, so enforcing safe limit of 8.
2022-07-06 11:07:16,417:numexpr.utils:INFO: NumExpr defaulting to 8 threads.
2022-07-06 11:07:24,752:numexpr.utils:INFO: Note: NumExpr detected 16 cores but "NUMEXPR_MAX_THREADS" not set, so enforcing safe limit of 8.
2022-07-06 11:07:24,752:numexpr.utils:INFO: NumExpr defaulting to 8 threads.
